<?xml version="1.0" encoding="UTF-8"?>
<!-- Generated by org.testng.reporters.JUnitReportReporter -->
<testsuite hostname="DESKTOP-DVCN8DD" failures="0" tests="1" name="myfirstclass" time="123.350" errors="0" timestamp="2025-04-29T09:53:03 IST" skipped="0">
  <testcase classname="myfirstclass" name="get" time="123.350"/>
</testsuite> <!-- myfirstclass -->
