<?xml version="1.0" encoding="UTF-8"?>
<!-- Generated by org.testng.reporters.JUnitReportReporter -->
<testsuite hostname="DESKTOP-DVCN8DD" failures="0" tests="1" name="Test.myfirst" time="4.899" errors="0" timestamp="2025-04-29T10:43:40 IST" skipped="0">
  <testcase classname="Test.myfirst" name="get" time="4.899"/>
</testsuite> <!-- Test.myfirst -->
